Flow report for Detector_de_Sequencia
Tue Dec 10 19:18:07 2024
Quartus Prime Version 18.1.0 Build 625 09/12/2018 SJ Lite Edition


---------------------
; Table of Contents ;
---------------------
  1. Legal Notice
  2. Flow Summary
  3. Flow Settings
  4. Flow Non-Default Global Settings
  5. Flow Elapsed Time
  6. Flow OS Summary
  7. Flow Log
  8. Flow Messages
  9. Flow Suppressed Messages



----------------
; Legal Notice ;
----------------
Copyright (C) 2018  Intel Corporation. All rights reserved.
Your use of Intel Corporation's design tools, logic functions 
and other software and tools, and its AMPP partner logic 
functions, and any output files from any of the foregoing 
(including device programming or simulation files), and any 
associated documentation or information are expressly subject 
to the terms and conditions of the Intel Program License 
Subscription Agreement, the Intel Quartus Prime License Agreement,
the Intel FPGA IP License Agreement, or other applicable license
agreement, including, without limitation, that your use is for
the sole purpose of programming logic devices manufactured by
Intel and sold by Intel or its authorized distributors.  Please
refer to the applicable agreement for further details.



+----------------------------------------------------------------------------------+
; Flow Summary                                                                     ;
+------------------------------------+---------------------------------------------+
; Flow Status                        ; Successful - Tue Dec 10 19:18:07 2024       ;
; Quartus Prime Version              ; 18.1.0 Build 625 09/12/2018 SJ Lite Edition ;
; Revision Name                      ; Detector_de_Sequencia                       ;
; Top-level Entity Name              ; Detector_de_Sequencia                       ;
; Family                             ; MAX 10                                      ;
; Device                             ; 10M50DAF484C7G                              ;
; Timing Models                      ; Final                                       ;
; Total logic elements               ; 22 / 49,760 ( < 1 % )                       ;
;     Total combinational functions  ; 22 / 49,760 ( < 1 % )                       ;
;     Dedicated logic registers      ; 8 / 49,760 ( < 1 % )                        ;
; Total registers                    ; 8                                           ;
; Total pins                         ; 10 / 360 ( 3 % )                            ;
; Total virtual pins                 ; 0                                           ;
; Total memory bits                  ; 0 / 1,677,312 ( 0 % )                       ;
; Embedded Multiplier 9-bit elements ; 0 / 288 ( 0 % )                             ;
; Total PLLs                         ; 0 / 4 ( 0 % )                               ;
; UFM blocks                         ; 0 / 1 ( 0 % )                               ;
; ADC blocks                         ; 0 / 2 ( 0 % )                               ;
+------------------------------------+---------------------------------------------+


+-------------------------------------------+
; Flow Settings                             ;
+-------------------+-----------------------+
; Option            ; Setting               ;
+-------------------+-----------------------+
; Start date & time ; 12/10/2024 19:17:45   ;
; Main task         ; Compilation           ;
; Revision Name     ; Detector_de_Sequencia ;
+-------------------+-----------------------+


+-----------------------------------------------------------------------------------------------------------------------------+
; Flow Non-Default Global Settings                                                                                            ;
+-------------------------------------+----------------------------------------+---------------+-------------+----------------+
; Assignment Name                     ; Value                                  ; Default Value ; Entity Name ; Section Id     ;
+-------------------------------------+----------------------------------------+---------------+-------------+----------------+
; COMPILER_SIGNATURE_ID               ; 202441747493161.173386906527295        ; --            ; --          ; --             ;
; EDA_OUTPUT_DATA_FORMAT              ; Verilog Hdl                            ; --            ; --          ; eda_simulation ;
; EDA_SIMULATION_TOOL                 ; ModelSim-Altera (Verilog)              ; <None>        ; --          ; --             ;
; EDA_TIME_SCALE                      ; 1 ps                                   ; --            ; --          ; eda_simulation ;
; MAX_CORE_JUNCTION_TEMP              ; 85                                     ; --            ; --          ; --             ;
; MIN_CORE_JUNCTION_TEMP              ; 0                                      ; --            ; --          ; --             ;
; PARTITION_COLOR                     ; -- (Not supported for targeted family) ; --            ; --          ; Top            ;
; PARTITION_FITTER_PRESERVATION_LEVEL ; -- (Not supported for targeted family) ; --            ; --          ; Top            ;
; PARTITION_NETLIST_TYPE              ; -- (Not supported for targeted family) ; --            ; --          ; Top            ;
; POWER_BOARD_THERMAL_MODEL           ; None (CONSERVATIVE)                    ; --            ; --          ; --             ;
; POWER_PRESET_COOLING_SOLUTION       ; 23 MM HEAT SINK WITH 200 LFPM AIRFLOW  ; --            ; --          ; --             ;
; PROJECT_OUTPUT_DIRECTORY            ; output_files                           ; --            ; --          ; --             ;
+-------------------------------------+----------------------------------------+---------------+-------------+----------------+


+--------------------------------------------------------------------------------------------------------------------------+
; Flow Elapsed Time                                                                                                        ;
+----------------------+--------------+-------------------------+---------------------+------------------------------------+
; Module Name          ; Elapsed Time ; Average Processors Used ; Peak Virtual Memory ; Total CPU Time (on all processors) ;
+----------------------+--------------+-------------------------+---------------------+------------------------------------+
; Analysis & Synthesis ; 00:00:10     ; 1.0                     ; 1015 MB             ; 00:00:26                           ;
; Fitter               ; 00:00:06     ; 1.0                     ; 2575 MB             ; 00:00:13                           ;
; Assembler            ; 00:00:02     ; 1.0                     ; 794 MB              ; 00:00:02                           ;
; Timing Analyzer      ; 00:00:01     ; 1.1                     ; 1006 MB             ; 00:00:02                           ;
; EDA Netlist Writer   ; 00:00:00     ; 1.0                     ; 1022 MB             ; 00:00:00                           ;
; Total                ; 00:00:19     ; --                      ; --                  ; 00:00:43                           ;
+----------------------+--------------+-------------------------+---------------------+------------------------------------+


+----------------------------------------------------------------------------------------------+
; Flow OS Summary                                                                              ;
+----------------------+------------------------+----------------+------------+----------------+
; Module Name          ; Machine Hostname       ; OS Name        ; OS Version ; Processor type ;
+----------------------+------------------------+----------------+------------+----------------+
; Analysis & Synthesis ; pedro-IdeaPad-3-15ALC6 ; Ubuntu 22.04.5 ; 22         ; x86_64         ;
; Fitter               ; pedro-IdeaPad-3-15ALC6 ; Ubuntu 22.04.5 ; 22         ; x86_64         ;
; Assembler            ; pedro-IdeaPad-3-15ALC6 ; Ubuntu 22.04.5 ; 22         ; x86_64         ;
; Timing Analyzer      ; pedro-IdeaPad-3-15ALC6 ; Ubuntu 22.04.5 ; 22         ; x86_64         ;
; EDA Netlist Writer   ; pedro-IdeaPad-3-15ALC6 ; Ubuntu 22.04.5 ; 22         ; x86_64         ;
+----------------------+------------------------+----------------+------------+----------------+


------------
; Flow Log ;
------------
quartus_map --read_settings_files=on --write_settings_files=off Detector_de_Sequencia -c Detector_de_Sequencia
quartus_fit --read_settings_files=off --write_settings_files=off Detector_de_Sequencia -c Detector_de_Sequencia
quartus_asm --read_settings_files=off --write_settings_files=off Detector_de_Sequencia -c Detector_de_Sequencia
quartus_sta Detector_de_Sequencia -c Detector_de_Sequencia
quartus_eda --read_settings_files=off --write_settings_files=off Detector_de_Sequencia -c Detector_de_Sequencia



